<?xml version="1.0" encoding="UTF-8"?>
<testsuite xmlns:xsi="http://www.w3.org/2001/XMLSchema-instance" xsi:noNamespaceSchemaLocation="https://maven.apache.org/surefire/maven-surefire-plugin/xsd/surefire-test-report.xsd" version="3.0.2" name="org.iceo.apilayer.test.suites.FixerTests" time="2.843" tests="4" errors="0" skipped="0" failures="0">
  <properties>
    <property name="java.specification.version" value="18"/>
    <property name="sun.jnu.encoding" value="UTF-8"/>
    <property name="java.class.path" value="/home/iceo/projects/apilayer-fixer-latest/apilayer-fixer-latest/target/test-classes:/home/iceo/projects/apilayer-fixer-latest/apilayer-fixer-latest/target/classes:/home/iceo/.m2/repository/io/cucumber/cucumber-java/7.18.0/cucumber-java-7.18.0.jar:/home/iceo/.m2/repository/org/apiguardian/apiguardian-api/1.1.2/apiguardian-api-1.1.2.jar:/home/iceo/.m2/repository/io/cucumber/cucumber-junit/7.18.0/cucumber-junit-7.18.0.jar:/home/iceo/.m2/repository/io/cucumber/cucumber-core/7.18.0/cucumber-core-7.18.0.jar:/home/iceo/.m2/repository/io/cucumber/cucumber-gherkin/7.18.0/cucumber-gherkin-7.18.0.jar:/home/iceo/.m2/repository/io/cucumber/cucumber-gherkin-messages/7.18.0/cucumber-gherkin-messages-7.18.0.jar:/home/iceo/.m2/repository/io/cucumber/gherkin/28.0.0/gherkin-28.0.0.jar:/home/iceo/.m2/repository/io/cucumber/messages/24.1.0/messages-24.1.0.jar:/home/iceo/.m2/repository/io/cucumber/testng-xml-formatter/0.1.0/testng-xml-formatter-0.1.0.jar:/home/iceo/.m2/repository/io/cucumber/query/12.2.0/query-12.2.0.jar:/home/iceo/.m2/repository/io/cucumber/tag-expressions/6.1.0/tag-expressions-6.1.0.jar:/home/iceo/.m2/repository/io/cucumber/cucumber-expressions/17.1.0/cucumber-expressions-17.1.0.jar:/home/iceo/.m2/repository/io/cucumber/datatable/7.18.0/datatable-7.18.0.jar:/home/iceo/.m2/repository/io/cucumber/cucumber-plugin/7.18.0/cucumber-plugin-7.18.0.jar:/home/iceo/.m2/repository/io/cucumber/docstring/7.18.0/docstring-7.18.0.jar:/home/iceo/.m2/repository/io/cucumber/html-formatter/21.3.1/html-formatter-21.3.1.jar:/home/iceo/.m2/repository/io/cucumber/junit-xml-formatter/0.4.0/junit-xml-formatter-0.4.0.jar:/home/iceo/.m2/repository/io/cucumber/ci-environment/10.0.1/ci-environment-10.0.1.jar:/home/iceo/.m2/repository/com/google/inject/guice/6.0.0/guice-6.0.0.jar:/home/iceo/.m2/repository/javax/inject/javax.inject/1/javax.inject-1.jar:/home/iceo/.m2/repository/jakarta/inject/jakarta.inject-api/2.0.1/jakarta.inject-api-2.0.1.jar:/home/iceo/.m2/repository/aopalliance/aopalliance/1.0/aopalliance-1.0.jar:/home/iceo/.m2/repository/com/google/guava/guava/31.0.1-jre/guava-31.0.1-jre.jar:/home/iceo/.m2/repository/com/google/guava/failureaccess/1.0.1/failureaccess-1.0.1.jar:/home/iceo/.m2/repository/com/google/guava/listenablefuture/9999.0-empty-to-avoid-conflict-with-guava/listenablefuture-9999.0-empty-to-avoid-conflict-with-guava.jar:/home/iceo/.m2/repository/com/google/code/findbugs/jsr305/3.0.2/jsr305-3.0.2.jar:/home/iceo/.m2/repository/org/checkerframework/checker-qual/3.12.0/checker-qual-3.12.0.jar:/home/iceo/.m2/repository/com/google/j2objc/j2objc-annotations/1.3/j2objc-annotations-1.3.jar:/home/iceo/.m2/repository/com/google/inject/extensions/guice-assistedinject/6.0.0/guice-assistedinject-6.0.0.jar:/home/iceo/.m2/repository/com/google/errorprone/error_prone_annotations/2.18.0/error_prone_annotations-2.18.0.jar:/home/iceo/.m2/repository/io/cucumber/cucumber-guice/7.18.0/cucumber-guice-7.18.0.jar:/home/iceo/.m2/repository/com/fasterxml/jackson/core/jackson-databind/2.15.2/jackson-databind-2.15.2.jar:/home/iceo/.m2/repository/com/fasterxml/jackson/core/jackson-annotations/2.15.2/jackson-annotations-2.15.2.jar:/home/iceo/.m2/repository/com/fasterxml/jackson/core/jackson-core/2.15.2/jackson-core-2.15.2.jar:/home/iceo/.m2/repository/com/squareup/okhttp3/okhttp/4.12.0/okhttp-4.12.0.jar:/home/iceo/.m2/repository/com/squareup/okio/okio/3.6.0/okio-3.6.0.jar:/home/iceo/.m2/repository/com/squareup/okio/okio-jvm/3.6.0/okio-jvm-3.6.0.jar:/home/iceo/.m2/repository/org/jetbrains/kotlin/kotlin-stdlib-common/1.9.10/kotlin-stdlib-common-1.9.10.jar:/home/iceo/.m2/repository/org/jetbrains/kotlin/kotlin-stdlib-jdk8/1.8.21/kotlin-stdlib-jdk8-1.8.21.jar:/home/iceo/.m2/repository/org/jetbrains/kotlin/kotlin-stdlib/1.8.21/kotlin-stdlib-1.8.21.jar:/home/iceo/.m2/repository/org/jetbrains/annotations/13.0/annotations-13.0.jar:/home/iceo/.m2/repository/org/jetbrains/kotlin/kotlin-stdlib-jdk7/1.8.21/kotlin-stdlib-jdk7-1.8.21.jar:/home/iceo/.m2/repository/org/projectlombok/lombok/1.18.30/lombok-1.18.30.jar:/home/iceo/.m2/repository/org/assertj/assertj-core/3.23.1/assertj-core-3.23.1.jar:/home/iceo/.m2/repository/net/bytebuddy/byte-buddy/1.12.10/byte-buddy-1.12.10.jar:/home/iceo/.m2/repository/junit/junit/4.13.2/junit-4.13.2.jar:/home/iceo/.m2/repository/org/hamcrest/hamcrest-core/1.3/hamcrest-core-1.3.jar:/home/iceo/.m2/repository/org/apache/maven/plugins/maven-surefire-plugin/3.5.1/maven-surefire-plugin-3.5.1.jar:/home/iceo/.m2/repository/org/apache/maven/surefire/surefire-api/3.5.1/surefire-api-3.5.1.jar:/home/iceo/.m2/repository/org/apache/maven/surefire/surefire-logger-api/3.5.1/surefire-logger-api-3.5.1.jar:/home/iceo/.m2/repository/org/apache/maven/surefire/surefire-shared-utils/3.5.1/surefire-shared-utils-3.5.1.jar:/home/iceo/.m2/repository/org/apache/maven/surefire/surefire-extensions-api/3.5.1/surefire-extensions-api-3.5.1.jar:/home/iceo/.m2/repository/org/apache/maven/surefire/maven-surefire-common/3.5.1/maven-surefire-common-3.5.1.jar:/home/iceo/.m2/repository/org/apache/maven/surefire/surefire-booter/3.5.1/surefire-booter-3.5.1.jar:/home/iceo/.m2/repository/org/apache/maven/surefire/surefire-extensions-spi/3.5.1/surefire-extensions-spi-3.5.1.jar:/home/iceo/.m2/repository/org/apache/maven/resolver/maven-resolver-util/1.4.1/maven-resolver-util-1.4.1.jar:/home/iceo/.m2/repository/org/apache/maven/resolver/maven-resolver-api/1.4.1/maven-resolver-api-1.4.1.jar:/home/iceo/.m2/repository/org/apache/maven/shared/maven-common-artifact-filters/3.4.0/maven-common-artifact-filters-3.4.0.jar:/home/iceo/.m2/repository/org/slf4j/slf4j-api/1.7.36/slf4j-api-1.7.36.jar:/home/iceo/.m2/repository/org/codehaus/plexus/plexus-java/1.3.0/plexus-java-1.3.0.jar:/home/iceo/.m2/repository/org/ow2/asm/asm/9.7/asm-9.7.jar:/home/iceo/.m2/repository/com/thoughtworks/qdox/qdox/2.1.0/qdox-2.1.0.jar:"/>
    <property name="java.vm.vendor" value="Oracle Corporation"/>
    <property name="sun.arch.data.model" value="64"/>
    <property name="java.vendor.url" value="https://java.oracle.com/"/>
    <property name="os.name" value="Linux"/>
    <property name="java.vm.specification.version" value="18"/>
    <property name="sun.java.launcher" value="SUN_STANDARD"/>
    <property name="user.country" value="US"/>
    <property name="sun.boot.library.path" value="/usr/lib/jvm/jdk-18/lib"/>
    <property name="sun.java.command" value="/home/iceo/projects/apilayer-fixer-latest/apilayer-fixer-latest/target/surefire/surefirebooter-20241007213450917_3.jar /home/iceo/projects/apilayer-fixer-latest/apilayer-fixer-latest/target/surefire 2024-10-07T21-34-49_769-jvmRun1 surefire-20241007213450917_1tmp surefire_0-20241007213450917_2tmp"/>
    <property name="jdk.debug" value="release"/>
    <property name="surefire.test.class.path" value="/home/iceo/projects/apilayer-fixer-latest/apilayer-fixer-latest/target/test-classes:/home/iceo/projects/apilayer-fixer-latest/apilayer-fixer-latest/target/classes:/home/iceo/.m2/repository/io/cucumber/cucumber-java/7.18.0/cucumber-java-7.18.0.jar:/home/iceo/.m2/repository/org/apiguardian/apiguardian-api/1.1.2/apiguardian-api-1.1.2.jar:/home/iceo/.m2/repository/io/cucumber/cucumber-junit/7.18.0/cucumber-junit-7.18.0.jar:/home/iceo/.m2/repository/io/cucumber/cucumber-core/7.18.0/cucumber-core-7.18.0.jar:/home/iceo/.m2/repository/io/cucumber/cucumber-gherkin/7.18.0/cucumber-gherkin-7.18.0.jar:/home/iceo/.m2/repository/io/cucumber/cucumber-gherkin-messages/7.18.0/cucumber-gherkin-messages-7.18.0.jar:/home/iceo/.m2/repository/io/cucumber/gherkin/28.0.0/gherkin-28.0.0.jar:/home/iceo/.m2/repository/io/cucumber/messages/24.1.0/messages-24.1.0.jar:/home/iceo/.m2/repository/io/cucumber/testng-xml-formatter/0.1.0/testng-xml-formatter-0.1.0.jar:/home/iceo/.m2/repository/io/cucumber/query/12.2.0/query-12.2.0.jar:/home/iceo/.m2/repository/io/cucumber/tag-expressions/6.1.0/tag-expressions-6.1.0.jar:/home/iceo/.m2/repository/io/cucumber/cucumber-expressions/17.1.0/cucumber-expressions-17.1.0.jar:/home/iceo/.m2/repository/io/cucumber/datatable/7.18.0/datatable-7.18.0.jar:/home/iceo/.m2/repository/io/cucumber/cucumber-plugin/7.18.0/cucumber-plugin-7.18.0.jar:/home/iceo/.m2/repository/io/cucumber/docstring/7.18.0/docstring-7.18.0.jar:/home/iceo/.m2/repository/io/cucumber/html-formatter/21.3.1/html-formatter-21.3.1.jar:/home/iceo/.m2/repository/io/cucumber/junit-xml-formatter/0.4.0/junit-xml-formatter-0.4.0.jar:/home/iceo/.m2/repository/io/cucumber/ci-environment/10.0.1/ci-environment-10.0.1.jar:/home/iceo/.m2/repository/com/google/inject/guice/6.0.0/guice-6.0.0.jar:/home/iceo/.m2/repository/javax/inject/javax.inject/1/javax.inject-1.jar:/home/iceo/.m2/repository/jakarta/inject/jakarta.inject-api/2.0.1/jakarta.inject-api-2.0.1.jar:/home/iceo/.m2/repository/aopalliance/aopalliance/1.0/aopalliance-1.0.jar:/home/iceo/.m2/repository/com/google/guava/guava/31.0.1-jre/guava-31.0.1-jre.jar:/home/iceo/.m2/repository/com/google/guava/failureaccess/1.0.1/failureaccess-1.0.1.jar:/home/iceo/.m2/repository/com/google/guava/listenablefuture/9999.0-empty-to-avoid-conflict-with-guava/listenablefuture-9999.0-empty-to-avoid-conflict-with-guava.jar:/home/iceo/.m2/repository/com/google/code/findbugs/jsr305/3.0.2/jsr305-3.0.2.jar:/home/iceo/.m2/repository/org/checkerframework/checker-qual/3.12.0/checker-qual-3.12.0.jar:/home/iceo/.m2/repository/com/google/j2objc/j2objc-annotations/1.3/j2objc-annotations-1.3.jar:/home/iceo/.m2/repository/com/google/inject/extensions/guice-assistedinject/6.0.0/guice-assistedinject-6.0.0.jar:/home/iceo/.m2/repository/com/google/errorprone/error_prone_annotations/2.18.0/error_prone_annotations-2.18.0.jar:/home/iceo/.m2/repository/io/cucumber/cucumber-guice/7.18.0/cucumber-guice-7.18.0.jar:/home/iceo/.m2/repository/com/fasterxml/jackson/core/jackson-databind/2.15.2/jackson-databind-2.15.2.jar:/home/iceo/.m2/repository/com/fasterxml/jackson/core/jackson-annotations/2.15.2/jackson-annotations-2.15.2.jar:/home/iceo/.m2/repository/com/fasterxml/jackson/core/jackson-core/2.15.2/jackson-core-2.15.2.jar:/home/iceo/.m2/repository/com/squareup/okhttp3/okhttp/4.12.0/okhttp-4.12.0.jar:/home/iceo/.m2/repository/com/squareup/okio/okio/3.6.0/okio-3.6.0.jar:/home/iceo/.m2/repository/com/squareup/okio/okio-jvm/3.6.0/okio-jvm-3.6.0.jar:/home/iceo/.m2/repository/org/jetbrains/kotlin/kotlin-stdlib-common/1.9.10/kotlin-stdlib-common-1.9.10.jar:/home/iceo/.m2/repository/org/jetbrains/kotlin/kotlin-stdlib-jdk8/1.8.21/kotlin-stdlib-jdk8-1.8.21.jar:/home/iceo/.m2/repository/org/jetbrains/kotlin/kotlin-stdlib/1.8.21/kotlin-stdlib-1.8.21.jar:/home/iceo/.m2/repository/org/jetbrains/annotations/13.0/annotations-13.0.jar:/home/iceo/.m2/repository/org/jetbrains/kotlin/kotlin-stdlib-jdk7/1.8.21/kotlin-stdlib-jdk7-1.8.21.jar:/home/iceo/.m2/repository/org/projectlombok/lombok/1.18.30/lombok-1.18.30.jar:/home/iceo/.m2/repository/org/assertj/assertj-core/3.23.1/assertj-core-3.23.1.jar:/home/iceo/.m2/repository/net/bytebuddy/byte-buddy/1.12.10/byte-buddy-1.12.10.jar:/home/iceo/.m2/repository/junit/junit/4.13.2/junit-4.13.2.jar:/home/iceo/.m2/repository/org/hamcrest/hamcrest-core/1.3/hamcrest-core-1.3.jar:/home/iceo/.m2/repository/org/apache/maven/plugins/maven-surefire-plugin/3.5.1/maven-surefire-plugin-3.5.1.jar:/home/iceo/.m2/repository/org/apache/maven/surefire/surefire-api/3.5.1/surefire-api-3.5.1.jar:/home/iceo/.m2/repository/org/apache/maven/surefire/surefire-logger-api/3.5.1/surefire-logger-api-3.5.1.jar:/home/iceo/.m2/repository/org/apache/maven/surefire/surefire-shared-utils/3.5.1/surefire-shared-utils-3.5.1.jar:/home/iceo/.m2/repository/org/apache/maven/surefire/surefire-extensions-api/3.5.1/surefire-extensions-api-3.5.1.jar:/home/iceo/.m2/repository/org/apache/maven/surefire/maven-surefire-common/3.5.1/maven-surefire-common-3.5.1.jar:/home/iceo/.m2/repository/org/apache/maven/surefire/surefire-booter/3.5.1/surefire-booter-3.5.1.jar:/home/iceo/.m2/repository/org/apache/maven/surefire/surefire-extensions-spi/3.5.1/surefire-extensions-spi-3.5.1.jar:/home/iceo/.m2/repository/org/apache/maven/resolver/maven-resolver-util/1.4.1/maven-resolver-util-1.4.1.jar:/home/iceo/.m2/repository/org/apache/maven/resolver/maven-resolver-api/1.4.1/maven-resolver-api-1.4.1.jar:/home/iceo/.m2/repository/org/apache/maven/shared/maven-common-artifact-filters/3.4.0/maven-common-artifact-filters-3.4.0.jar:/home/iceo/.m2/repository/org/slf4j/slf4j-api/1.7.36/slf4j-api-1.7.36.jar:/home/iceo/.m2/repository/org/codehaus/plexus/plexus-java/1.3.0/plexus-java-1.3.0.jar:/home/iceo/.m2/repository/org/ow2/asm/asm/9.7/asm-9.7.jar:/home/iceo/.m2/repository/com/thoughtworks/qdox/qdox/2.1.0/qdox-2.1.0.jar:"/>
    <property name="sun.cpu.endian" value="little"/>
    <property name="user.home" value="/home/iceo"/>
    <property name="user.language" value="en"/>
    <property name="java.specification.vendor" value="Oracle Corporation"/>
    <property name="java.version.date" value="2022-08-18"/>
    <property name="java.home" value="/usr/lib/jvm/jdk-18"/>
    <property name="file.separator" value="/"/>
    <property name="basedir" value="/home/iceo/projects/apilayer-fixer-latest/apilayer-fixer-latest"/>
    <property name="java.vm.compressedOopsMode" value="Zero based"/>
    <property name="line.separator" value="&#10;"/>
    <property name="java.vm.specification.vendor" value="Oracle Corporation"/>
    <property name="java.specification.name" value="Java Platform API Specification"/>
    <property name="surefire.real.class.path" value="/home/iceo/projects/apilayer-fixer-latest/apilayer-fixer-latest/target/surefire/surefirebooter-20241007213450917_3.jar"/>
    <property name="sun.management.compiler" value="HotSpot 64-Bit Tiered Compilers"/>
    <property name="java.runtime.version" value="18.0.2.1+1-1"/>
    <property name="user.name" value="iceo"/>
    <property name="path.separator" value=":"/>
    <property name="os.version" value="6.1.11-76060111-generic"/>
    <property name="java.runtime.name" value="Java(TM) SE Runtime Environment"/>
    <property name="file.encoding" value="UTF-8"/>
    <property name="java.vm.name" value="Java HotSpot(TM) 64-Bit Server VM"/>
    <property name="localRepository" value="/home/iceo/.m2/repository"/>
    <property name="java.vendor.url.bug" value="https://bugreport.java.com/bugreport/"/>
    <property name="java.io.tmpdir" value="/tmp"/>
    <property name="java.version" value="18.0.2.1"/>
    <property name="user.dir" value="/home/iceo/projects/apilayer-fixer-latest/apilayer-fixer-latest"/>
    <property name="os.arch" value="amd64"/>
    <property name="java.vm.specification.name" value="Java Virtual Machine Specification"/>
    <property name="native.encoding" value="UTF-8"/>
    <property name="java.library.path" value="/usr/java/packages/lib:/usr/lib64:/lib64:/lib:/usr/lib"/>
    <property name="java.vm.info" value="mixed mode, sharing"/>
    <property name="java.vendor" value="Oracle Corporation"/>
    <property name="java.vm.version" value="18.0.2.1+1-1"/>
    <property name="sun.io.unicode.encoding" value="UnicodeLittle"/>
    <property name="java.class.version" value="62.0"/>
  </properties>
  <testcase name="200 - Get the latest rates with default values | HAPPY PATH" classname="GET_latest" time="0.911">
    <system-out><![CDATA[
@Fixer
Scenario: 200 - Get the latest rates with default values | HAPPY PATH &amp#27;[90m# src/test/resources/features/fixer/latest.feature:6&amp#27;[0m
  &amp#27;[32mGiven &amp#27;[0m&amp#27;[32mI have a valid API key as a user&amp#27;[0m                              &amp#27;[90m# org.iceo.apilayer.steps.GetLatestSteps.iHaveAValidApiKeyAsUser()&amp#27;[0m
  &amp#27;[32mWhen &amp#27;[0m&amp#27;[32mI call GET_latest endpoint: &amp#27;[0m&amp#27;[32m&amp#27;[1m/latest&amp#27;[0m                            &amp#27;[90m# org.iceo.apilayer.steps.GetLatestSteps.iCallGetLatestEndpoint(java.lang.String)&amp#27;[0m
  &amp#27;[32mThen &amp#27;[0m&amp#27;[32mI receive &amp#27;[0m&amp#27;[32m&amp#27;[1m200&amp#27;[0m&amp#27;[32m code&amp#27;[0m                                             &amp#27;[90m# org.iceo.apilayer.steps.GetLatestSteps.iReceiveCode(int)&amp#27;[0m
  &amp#27;[32mAnd &amp#27;[0m&amp#27;[32mdefault schema response body matches model from documentation&amp#27;[0m   &amp#27;[90m# org.iceo.apilayer.steps.GetLatestSteps.defaultSchemaResponseBodyMatchesModelFromDocumentation()&amp#27;[0m
]]></system-out>
  </testcase>
  <testcase name="200 - Get the latest rate for EUR-GBP | HAPPY PATH" classname="GET_latest" time="0.584">
    <system-out><![CDATA[
@Fixer
Scenario: 200 - Get the latest rate for EUR-GBP | HAPPY PATH          &amp#27;[90m# src/test/resources/features/fixer/latest.feature:12&amp#27;[0m
  &amp#27;[32mGiven &amp#27;[0m&amp#27;[32mI have a valid API key as a user&amp#27;[0m                              &amp#27;[90m# org.iceo.apilayer.steps.GetLatestSteps.iHaveAValidApiKeyAsUser()&amp#27;[0m
  &amp#27;[32mWhen &amp#27;[0m&amp#27;[32mI call GET_latest endpoint &amp#27;[0m&amp#27;[32m&amp#27;[1m/latest&amp#27;[0m&amp#27;[32m with query (nulls ignored):&amp#27;[0m &amp#27;[90m# org.iceo.apilayer.steps.GetLatestSteps.iCallGetLatestEndpointWithQuery(java.lang.String,org.iceo.apilayer.http.models.requests.GetLatestInput)&amp#27;[0m
    | base | symbols |
    | EUR  | GBP     |
  &amp#27;[32mThen &amp#27;[0m&amp#27;[32mI receive &amp#27;[0m&amp#27;[32m&amp#27;[1m200&amp#27;[0m&amp#27;[32m code&amp#27;[0m                                             &amp#27;[90m# org.iceo.apilayer.steps.GetLatestSteps.iReceiveCode(int)&amp#27;[0m
  &amp#27;[32mAnd &amp#27;[0m&amp#27;[32mdefault schema response body matches model from documentation&amp#27;[0m   &amp#27;[90m# org.iceo.apilayer.steps.GetLatestSteps.defaultSchemaResponseBodyMatchesModelFromDocumentation()&amp#27;[0m
]]></system-out>
  </testcase>
  <testcase name="200 - Invalid query parameters for GET /latest | SAD PATH" classname="GET_latest" time="0.439">
    <system-out><![CDATA[
@Fixer
Scenario: 200 - Invalid query parameters for GET /latest | SAD PATH                                &amp#27;[90m# src/test/resources/features/fixer/latest.feature:20&amp#27;[0m
  &amp#27;[32mGiven &amp#27;[0m&amp#27;[32mI have a valid API key as a user&amp#27;[0m                                                           &amp#27;[90m# org.iceo.apilayer.steps.GetLatestSteps.iHaveAValidApiKeyAsUser()&amp#27;[0m
  &amp#27;[32mWhen &amp#27;[0m&amp#27;[32mI call GET_latest endpoint &amp#27;[0m&amp#27;[32m&amp#27;[1m/latest&amp#27;[0m&amp#27;[32m with query with non existent base param (nulls ignored):&amp#27;[0m &amp#27;[90m# org.iceo.apilayer.steps.GetLatestSteps.iCallGetLatestEndpointWithQueryWithNonExistBase(java.lang.String,org.iceo.apilayer.http.models.requests.GetLatestInput)&amp#27;[0m
    | base | symbols |
    | AAA  | GBP     |
  &amp#27;[32mThen &amp#27;[0m&amp#27;[32mI receive &amp#27;[0m&amp#27;[32m&amp#27;[1m200&amp#27;[0m&amp#27;[32m code&amp#27;[0m                                                                          &amp#27;[90m# org.iceo.apilayer.steps.GetLatestSteps.iReceiveCode(int)&amp#27;[0m
  &amp#27;[32mAnd &amp#27;[0m&amp#27;[32merror schema response body matches model from documentation&amp#27;[0m                                  &amp#27;[90m# org.iceo.apilayer.steps.GetLatestSteps.errorSchemaResponseBodyMatchesModelFromDocumentation()&amp#27;[0m
]]></system-out>
  </testcase>
  <testcase name="401 - Calling Get /latest with no access token in header | SAD PATH" classname="GET_latest" time="0.537">
    <system-out><![CDATA[
@Fixer
Scenario: 401 - Calling Get /latest with no access token in header | SAD PATH &amp#27;[90m# src/test/resources/features/fixer/latest.feature:28&amp#27;[0m
  &amp#27;[32mWhen &amp#27;[0m&amp#27;[32mI call GET_latest endpoint &amp#27;[0m&amp#27;[32m&amp#27;[1m/latest&amp#27;[0m&amp#27;[32m with no access token in header&amp#27;[0m      &amp#27;[90m# org.iceo.apilayer.steps.GetLatestSteps.iCallGetEndpointWithNoAccessTokenInHeader(java.lang.String)&amp#27;[0m
  &amp#27;[32mThen &amp#27;[0m&amp#27;[32mI receive &amp#27;[0m&amp#27;[32m&amp#27;[1m401&amp#27;[0m&amp#27;[32m code&amp#27;[0m                                                     &amp#27;[90m# org.iceo.apilayer.steps.GetLatestSteps.iReceiveCode(int)&amp#27;[0m
  &amp#27;[32mAnd &amp#27;[0m&amp#27;[32mno token error schema response body matches model from documentation&amp#27;[0m    &amp#27;[90m# org.iceo.apilayer.steps.GetLatestSteps.noTokenErrorSchemaResponseBodyMatchesModelFromDocumentation()&amp#27;[0m
]]></system-out>
  </testcase>
</testsuite>